[LOG] System::create                           : Header version = 2.01.05. Current version = 2.01.05.
[LOG] Manager::init                            : maxchannels = 256 studioflags = 00000006 flags 00000000 extradriverdata 0000000000000000.
[LOG] SystemI::init                            : Initialize version=20105 (112138), maxchannels=256, flags=0x00020000
[LOG] SystemI::setOutputInternal               : Setting output to 'FMOD WASAPI Output'
[LOG] OutputWASAPI::init                       : Mix Format (WAVEFORMATEX): wFormatTag=0xFFFE, nChannels=2, nSamplesPerSec=48000, nAvgBytesPerSec=384000, nBlockAlign=8, wBitsPerSample=32, cbSize=22.
[LOG] OutputWASAPI::init                       : Mix Format (WAVEFORMATEXTENSIBLE): wValidBitsPerSample=32, dwChannelMask=0x00000003, SubFormat=00000003-0000-0010-8000-00AA00389B71.
[LOG] OutputWASAPI::init                       : Output buffer size: 4096 samples, latency: 0.00ms, period: 10.00ms, DSP buffer: 1024 * 4
[LOG] Thread::initThread                       : Init FMOD stream thread. Affinity: 0x8000000000000003, Priority: 0xFFFF7FFB, Stack Size: 98304, Semaphore: No, Sleep Time: 10, Looping: Yes.
[LOG] Thread::initThread                       : Init FMOD mixer thread. Affinity: 0x8000000000000001, Priority: 0xFFFF7FFA, Stack Size: 81920, Semaphore: No, Sleep Time: 0, Looping: Yes.
[LOG] AsyncManager::init                       : manager 000002A3BEF099A8 isAsync 0 updatePeriod 0.02
[LOG] AsyncManager::init                       : done
[LOG] PlaybackSystem::init                     : 
[LOG] Thread::initThread                       : Init FMOD Studio sample load thread. Affinity: 0x8000000000000003, Priority: 0xFFFF7FFD, Stack Size: 98304, Semaphore: No, Sleep Time: 1, Looping: No.
[LOG] PlaybackSystem::init                     : done
[LOG] Thread::initThread                       : Init FMOD Studio bank load thread. Affinity: 0x8000000000000003, Priority: 0xFFFF7FFD, Stack Size: 98304, Semaphore: No, Sleep Time: 1, Looping: No.
[LOG] Manager::init                            : done.
[LOG] Manager::readBank                        : fileversion = 135, compatVersion = 132 (oldest = 44, newest = 135)
[LOG] Manager::readBank                        : fileversion = 135, compatVersion = 132 (oldest = 44, newest = 135)
[LOG] Manager::readBank                        : fileversion = 135, compatVersion = 132 (oldest = 44, newest = 135)
[LOG] PlaybackSystem::acquireMasterBus         : Setting master channel group format to 6
[LOG] SystemI::createSoundInternal             : Create name='', mode=0x02000202
[LOG] SystemI::createSoundInternal             : exinfo->cbsize             = 224
[LOG] SystemI::createSoundInternal             : exinfo->length             = 167776
[LOG] SystemI::createSoundInternal             : exinfo->fileoffset         = 11680
[LOG] SystemI::createSoundInternal             : exinfo->numsubsounds       = 1
[LOG] SystemI::createSoundInternal             : exinfo->inclusionlist      = 000000D7AE07F3E8
[LOG] SystemI::createSoundInternal             : exinfo->inclusionlistnum   = 1
[LOG] SystemI::createSoundInternal             : exinfo->suggestedsoundtype = 5
[LOG] SystemI::createSoundInternal             : exinfo->useropen           = 00007FFB45107E30
[LOG] SystemI::createSoundInternal             : exinfo->userclose          = 00007FFB45107E00
[LOG] SystemI::createSoundInternal             : exinfo->userread           = 00007FFB45107F00
[LOG] SystemI::createSoundInternal             : exinfo->userseek           = 00007FFB45107FC0
[LOG] SystemI::createSoundInternal             : exinfo->fileuserdata       = 000002A3B40A9168
[LOG] SystemI::createSoundInternal             : exinfo->initialseekpostype = 1
[LOG] SystemI::DSPCodecPoolRegister            : register codec pool for pool type 5
[LOG] SystemI::createSoundInternal             : Sample 0/1: name='Ground_Step0', format=5, channels=2, frequency=48000, lengthbytes=6912, lengthpcm=24000, pcmblocksize=0, loopstart=0, loopend=0, mode=0x00000000, channelmask=0x00000000, channelorder=0, peakvolume=0.999948.
[LOG] SystemI::createSoundInternal             : Create name='', mode=0x02000202
[LOG] SystemI::createSoundInternal             : exinfo->cbsize             = 224
[LOG] SystemI::createSoundInternal             : exinfo->length             = 167776
[LOG] SystemI::createSoundInternal             : exinfo->fileoffset         = 11680
[LOG] SystemI::createSoundInternal             : exinfo->numsubsounds       = 1
[LOG] SystemI::createSoundInternal             : exinfo->inclusionlist      = 000000D7AE07F3E8
[LOG] SystemI::createSoundInternal             : exinfo->inclusionlistnum   = 1
[LOG] SystemI::createSoundInternal             : exinfo->suggestedsoundtype = 5
[LOG] SystemI::createSoundInternal             : exinfo->useropen           = 00007FFB45107E30
[LOG] SystemI::createSoundInternal             : exinfo->userclose          = 00007FFB45107E00
[LOG] SystemI::createSoundInternal             : exinfo->userread           = 00007FFB45107F00
[LOG] SystemI::createSoundInternal             : exinfo->userseek           = 00007FFB45107FC0
[LOG] SystemI::createSoundInternal             : exinfo->fileuserdata       = 000002A3B40A9168
[LOG] SystemI::createSoundInternal             : exinfo->initialseekpostype = 1
[LOG] SystemI::DSPCodecPoolRegister            : register codec pool for pool type 5
[LOG] SystemI::createSoundInternal             : Sample 0/1: name='Ground_Step3', format=5, channels=2, frequency=48000, lengthbytes=5952, lengthpcm=24000, pcmblocksize=0, loopstart=0, loopend=0, mode=0x00000000, channelmask=0x00000000, channelorder=0, peakvolume=0.666751.
[LOG] SystemI::createSoundInternal             : Create name='', mode=0x02000202
[LOG] SystemI::createSoundInternal             : exinfo->cbsize             = 224
[LOG] SystemI::createSoundInternal             : exinfo->length             = 167776
[LOG] SystemI::createSoundInternal             : exinfo->fileoffset         = 11680
[LOG] SystemI::createSoundInternal             : exinfo->numsubsounds       = 1
[LOG] SystemI::createSoundInternal             : exinfo->inclusionlist      = 000000D7AE07F3E8
[LOG] SystemI::createSoundInternal             : exinfo->inclusionlistnum   = 1
[LOG] SystemI::createSoundInternal             : exinfo->suggestedsoundtype = 5
[LOG] SystemI::createSoundInternal             : exinfo->useropen           = 00007FFB45107E30
[LOG] SystemI::createSoundInternal             : exinfo->userclose          = 00007FFB45107E00
[LOG] SystemI::createSoundInternal             : exinfo->userread           = 00007FFB45107F00
[LOG] SystemI::createSoundInternal             : exinfo->userseek           = 00007FFB45107FC0
[LOG] SystemI::createSoundInternal             : exinfo->fileuserdata       = 000002A3B40A9168
[LOG] SystemI::createSoundInternal             : exinfo->initialseekpostype = 1
[LOG] SystemI::DSPCodecPoolRegister            : register codec pool for pool type 5
[LOG] SystemI::createSoundInternal             : Sample 0/1: name='Floor_step1', format=5, channels=2, frequency=48000, lengthbytes=5792, lengthpcm=24000, pcmblocksize=0, loopstart=0, loopend=0, mode=0x00000000, channelmask=0x00000000, channelorder=0, peakvolume=0.295270.
[LOG] SystemI::createSoundInternal             : Create name='', mode=0x02000202
[LOG] SystemI::createSoundInternal             : exinfo->cbsize             = 224
[LOG] SystemI::createSoundInternal             : exinfo->length             = 167776
[LOG] SystemI::createSoundInternal             : exinfo->fileoffset         = 11680
[LOG] SystemI::createSoundInternal             : exinfo->numsubsounds       = 1
[LOG] SystemI::createSoundInternal             : exinfo->inclusionlist      = 000000D7AE07F3E8
[LOG] SystemI::createSoundInternal             : exinfo->inclusionlistnum   = 1
[LOG] SystemI::createSoundInternal             : exinfo->suggestedsoundtype = 5
[LOG] SystemI::createSoundInternal             : exinfo->useropen           = 00007FFB45107E30
[LOG] SystemI::createSoundInternal             : exinfo->userclose          = 00007FFB45107E00
[LOG] SystemI::createSoundInternal             : exinfo->userread           = 00007FFB45107F00
[LOG] SystemI::createSoundInternal             : exinfo->userseek           = 00007FFB45107FC0
[LOG] SystemI::createSoundInternal             : exinfo->fileuserdata       = 000002A3B40A9168
[LOG] SystemI::createSoundInternal             : exinfo->initialseekpostype = 1
[LOG] SystemI::DSPCodecPoolRegister            : register codec pool for pool type 5
[LOG] SystemI::createSoundInternal             : Sample 0/1: name='Floor_step17', format=5, channels=2, frequency=48000, lengthbytes=5856, lengthpcm=24000, pcmblocksize=0, loopstart=0, loopend=0, mode=0x00000000, channelmask=0x00000000, channelorder=0, peakvolume=0.562807.
[LOG] SystemI::createSoundInternal             : Create name='', mode=0x02000202
[LOG] SystemI::createSoundInternal             : exinfo->cbsize             = 224
[LOG] SystemI::createSoundInternal             : exinfo->length             = 167776
[LOG] SystemI::createSoundInternal             : exinfo->fileoffset         = 11680
[LOG] SystemI::createSoundInternal             : exinfo->numsubsounds       = 1
[LOG] SystemI::createSoundInternal             : exinfo->inclusionlist      = 000000D7AE07F3E8
[LOG] SystemI::createSoundInternal             : exinfo->inclusionlistnum   = 1
[LOG] SystemI::createSoundInternal             : exinfo->suggestedsoundtype = 5
[LOG] SystemI::createSoundInternal             : exinfo->useropen           = 00007FFB45107E30
[LOG] SystemI::createSoundInternal             : exinfo->userclose          = 00007FFB45107E00
[LOG] SystemI::createSoundInternal             : exinfo->userread           = 00007FFB45107F00
[LOG] SystemI::createSoundInternal             : exinfo->userseek           = 00007FFB45107FC0
[LOG] SystemI::createSoundInternal             : exinfo->fileuserdata       = 000002A3B40A9168
[LOG] SystemI::createSoundInternal             : exinfo->initialseekpostype = 1
[LOG] SystemI::DSPCodecPoolRegister            : register codec pool for pool type 5
[LOG] SystemI::createSoundInternal             : Sample 0/1: name='Floor_step6', format=5, channels=2, frequency=48000, lengthbytes=5632, lengthpcm=24000, pcmblocksize=0, loopstart=0, loopend=0, mode=0x00000000, channelmask=0x00000000, channelorder=0, peakvolume=0.531692.
[LOG] SystemI::createSoundInternal             : Create name='', mode=0x02000202
[LOG] SystemI::createSoundInternal             : exinfo->cbsize             = 224
[LOG] SystemI::createSoundInternal             : exinfo->length             = 167776
[LOG] SystemI::createSoundInternal             : exinfo->fileoffset         = 11680
[LOG] SystemI::createSoundInternal             : exinfo->numsubsounds       = 1
[LOG] SystemI::createSoundInternal             : exinfo->inclusionlist      = 000000D7AE07F3E8
[LOG] SystemI::createSoundInternal             : exinfo->inclusionlistnum   = 1
[LOG] SystemI::createSoundInternal             : exinfo->suggestedsoundtype = 5
[LOG] SystemI::createSoundInternal             : exinfo->useropen           = 00007FFB45107E30
[LOG] SystemI::createSoundInternal             : exinfo->userclose          = 00007FFB45107E00
[LOG] SystemI::createSoundInternal             : exinfo->userread           = 00007FFB45107F00
[LOG] SystemI::createSoundInternal             : exinfo->userseek           = 00007FFB45107FC0
[LOG] SystemI::createSoundInternal             : exinfo->fileuserdata       = 000002A3B40A9168
[LOG] SystemI::createSoundInternal             : exinfo->initialseekpostype = 1
[LOG] SystemI::DSPCodecPoolRegister            : register codec pool for pool type 5
[LOG] SystemI::createSoundInternal             : Sample 0/1: name='Ground_Step1', format=5, channels=2, frequency=48000, lengthbytes=2720, lengthpcm=24000, pcmblocksize=0, loopstart=0, loopend=0, mode=0x00000000, channelmask=0x00000000, channelorder=0, peakvolume=0.995884.
[LOG] SystemI::createSoundInternal             : Create name='', mode=0x02000202
[LOG] SystemI::createSoundInternal             : exinfo->cbsize             = 224
[LOG] SystemI::createSoundInternal             : exinfo->length             = 167776
[LOG] SystemI::createSoundInternal             : exinfo->fileoffset         = 11680
[LOG] SystemI::createSoundInternal             : exinfo->numsubsounds       = 1
[LOG] SystemI::createSoundInternal             : exinfo->inclusionlist      = 000000D7AE07F3E8
[LOG] SystemI::createSoundInternal             : exinfo->inclusionlistnum   = 1
[LOG] SystemI::createSoundInternal             : exinfo->suggestedsoundtype = 5
[LOG] SystemI::createSoundInternal             : exinfo->useropen           = 00007FFB45107E30
[LOG] SystemI::createSoundInternal             : exinfo->userclose          = 00007FFB45107E00
[LOG] SystemI::createSoundInternal             : exinfo->userread           = 00007FFB45107F00
[LOG] SystemI::createSoundInternal             : exinfo->userseek           = 00007FFB45107FC0
[LOG] SystemI::createSoundInternal             : exinfo->fileuserdata       = 000002A3B40A9168
[LOG] SystemI::createSoundInternal             : exinfo->initialseekpostype = 1
[LOG] SystemI::DSPCodecPoolRegister            : register codec pool for pool type 5
[LOG] SystemI::createSoundInternal             : Sample 0/1: name='Floor_step0', format=5, channels=2, frequency=48000, lengthbytes=2624, lengthpcm=24000, pcmblocksize=0, loopstart=0, loopend=0, mode=0x00000000, channelmask=0x00000000, channelorder=0, peakvolume=0.249177.
[LOG] SystemI::createSoundInternal             : Create name='', mode=0x02000202
[LOG] SystemI::createSoundInternal             : exinfo->cbsize             = 224
[LOG] SystemI::createSoundInternal             : exinfo->length             = 167776
[LOG] SystemI::createSoundInternal             : exinfo->fileoffset         = 11680
[LOG] SystemI::createSoundInternal             : exinfo->numsubsounds       = 1
[LOG] SystemI::createSoundInternal             : exinfo->inclusionlist      = 000000D7AE07F3E8
[LOG] SystemI::createSoundInternal             : exinfo->inclusionlistnum   = 1
[LOG] SystemI::createSoundInternal             : exinfo->suggestedsoundtype = 5
[LOG] SystemI::createSoundInternal             : exinfo->useropen           = 00007FFB45107E30
[LOG] SystemI::createSoundInternal             : exinfo->userclose          = 00007FFB45107E00
[LOG] SystemI::createSoundInternal             : exinfo->userread           = 00007FFB45107F00
[LOG] SystemI::createSoundInternal             : exinfo->userseek           = 00007FFB45107FC0
[LOG] SystemI::createSoundInternal             : exinfo->fileuserdata       = 000002A3B40A9168
[LOG] SystemI::createSoundInternal             : exinfo->initialseekpostype = 1
[LOG] SystemI::DSPCodecPoolRegister            : register codec pool for pool type 5
[LOG] SystemI::createSoundInternal             : Sample 0/1: name='Ground_Step2', format=5, channels=2, frequency=48000, lengthbytes=4960, lengthpcm=24000, pcmblocksize=0, loopstart=0, loopend=0, mode=0x00000000, channelmask=0x00000000, channelorder=0, peakvolume=1.000000.
[LOG] SystemI::createSoundInternal             : Create name='', mode=0x02000202
[LOG] SystemI::createSoundInternal             : exinfo->cbsize             = 224
[LOG] SystemI::createSoundInternal             : exinfo->length             = 167776
[LOG] SystemI::createSoundInternal             : exinfo->fileoffset         = 11680
[LOG] SystemI::createSoundInternal             : exinfo->numsubsounds       = 1
[LOG] SystemI::createSoundInternal             : exinfo->inclusionlist      = 000000D7AE07F3E8
[LOG] SystemI::createSoundInternal             : exinfo->inclusionlistnum   = 1
[LOG] SystemI::createSoundInternal             : exinfo->suggestedsoundtype = 5
[LOG] SystemI::createSoundInternal             : exinfo->useropen           = 00007FFB45107E30
[LOG] SystemI::createSoundInternal             : exinfo->userclose          = 00007FFB45107E00
[LOG] SystemI::createSoundInternal             : exinfo->userread           = 00007FFB45107F00
[LOG] SystemI::createSoundInternal             : exinfo->userseek           = 00007FFB45107FC0
[LOG] SystemI::createSoundInternal             : exinfo->fileuserdata       = 000002A3B40A9168
[LOG] SystemI::createSoundInternal             : exinfo->initialseekpostype = 1
[LOG] SystemI::DSPCodecPoolRegister            : register codec pool for pool type 5
[LOG] SystemI::createSoundInternal             : Sample 0/1: name='Floor_step10', format=5, channels=2, frequency=48000, lengthbytes=5760, lengthpcm=24000, pcmblocksize=0, loopstart=0, loopend=0, mode=0x00000000, channelmask=0x00000000, channelorder=0, peakvolume=0.586012.
[LOG] SystemI::createSoundInternal             : Create name='', mode=0x02000202
[LOG] SystemI::createSoundInternal             : exinfo->cbsize             = 224
[LOG] SystemI::createSoundInternal             : exinfo->length             = 167776
[LOG] SystemI::createSoundInternal             : exinfo->fileoffset         = 11680
[LOG] SystemI::createSoundInternal             : exinfo->numsubsounds       = 1
[LOG] SystemI::createSoundInternal             : exinfo->inclusionlist      = 000000D7AE07F3E8
[LOG] SystemI::createSoundInternal             : exinfo->inclusionlistnum   = 1
[LOG] SystemI::createSoundInternal             : exinfo->suggestedsoundtype = 5
[LOG] SystemI::createSoundInternal             : exinfo->useropen           = 00007FFB45107E30
[LOG] SystemI::createSoundInternal             : exinfo->userclose          = 00007FFB45107E00
[LOG] SystemI::createSoundInternal             : exinfo->userread           = 00007FFB45107F00
[LOG] SystemI::createSoundInternal             : exinfo->userseek           = 00007FFB45107FC0
[LOG] SystemI::createSoundInternal             : exinfo->fileuserdata       = 000002A3B40A9168
[LOG] SystemI::createSoundInternal             : exinfo->initialseekpostype = 1
[LOG] SystemI::DSPCodecPoolRegister            : register codec pool for pool type 5
[LOG] SystemI::createSoundInternal             : Sample 0/1: name='Floor_step16', format=5, channels=2, frequency=48000, lengthbytes=5664, lengthpcm=24000, pcmblocksize=0, loopstart=0, loopend=0, mode=0x00000000, channelmask=0x00000000, channelorder=0, peakvolume=0.678646.
[LOG] SystemI::createSoundInternal             : Create name='', mode=0x02000202
[LOG] SystemI::createSoundInternal             : exinfo->cbsize             = 224
[LOG] SystemI::createSoundInternal             : exinfo->length             = 167776
[LOG] SystemI::createSoundInternal             : exinfo->fileoffset         = 11680
[LOG] SystemI::createSoundInternal             : exinfo->numsubsounds       = 1
[LOG] SystemI::createSoundInternal             : exinfo->inclusionlist      = 000000D7AE07F3E8
[LOG] SystemI::createSoundInternal             : exinfo->inclusionlistnum   = 1
[LOG] SystemI::createSoundInternal             : exinfo->suggestedsoundtype = 5
[LOG] SystemI::createSoundInternal             : exinfo->useropen           = 00007FFB45107E30
[LOG] SystemI::createSoundInternal             : exinfo->userclose          = 00007FFB45107E00
[LOG] SystemI::createSoundInternal             : exinfo->userread           = 00007FFB45107F00
[LOG] SystemI::createSoundInternal             : exinfo->userseek           = 00007FFB45107FC0
[LOG] SystemI::createSoundInternal             : exinfo->fileuserdata       = 000002A3B40A9168
[LOG] SystemI::createSoundInternal             : exinfo->initialseekpostype = 1
[LOG] SystemI::DSPCodecPoolRegister            : register codec pool for pool type 5
[LOG] SystemI::createSoundInternal             : Sample 0/1: name='Floor_step2', format=5, channels=2, frequency=48000, lengthbytes=5792, lengthpcm=24000, pcmblocksize=0, loopstart=0, loopend=0, mode=0x00000000, channelmask=0x00000000, channelorder=0, peakvolume=0.409067.
[LOG] SystemI::createSoundInternal             : Create name='', mode=0x02000202
[LOG] SystemI::createSoundInternal             : exinfo->cbsize             = 224
[LOG] SystemI::createSoundInternal             : exinfo->length             = 167776
[LOG] SystemI::createSoundInternal             : exinfo->fileoffset         = 11680
[LOG] SystemI::createSoundInternal             : exinfo->numsubsounds       = 1
[LOG] SystemI::createSoundInternal             : exinfo->inclusionlist      = 000000D7AE07F3E8
[LOG] SystemI::createSoundInternal             : exinfo->inclusionlistnum   = 1
[LOG] SystemI::createSoundInternal             : exinfo->suggestedsoundtype = 5
[LOG] SystemI::createSoundInternal             : exinfo->useropen           = 00007FFB45107E30
[LOG] SystemI::createSoundInternal             : exinfo->userclose          = 00007FFB45107E00
[LOG] SystemI::createSoundInternal             : exinfo->userread           = 00007FFB45107F00
[LOG] SystemI::createSoundInternal             : exinfo->userseek           = 00007FFB45107FC0
[LOG] SystemI::createSoundInternal             : exinfo->fileuserdata       = 000002A3B40A9168
[LOG] SystemI::createSoundInternal             : exinfo->initialseekpostype = 1
[LOG] SystemI::DSPCodecPoolRegister            : register codec pool for pool type 5
[LOG] SystemI::createSoundInternal             : Sample 0/1: name='Floor_step5', format=5, channels=2, frequency=48000, lengthbytes=5632, lengthpcm=24000, pcmblocksize=0, loopstart=0, loopend=0, mode=0x00000000, channelmask=0x00000000, channelorder=0, peakvolume=0.556575.
[LOG] SystemI::createSoundInternal             : Create name='', mode=0x02000202
[LOG] SystemI::createSoundInternal             : exinfo->cbsize             = 224
[LOG] SystemI::createSoundInternal             : exinfo->length             = 167776
[LOG] SystemI::createSoundInternal             : exinfo->fileoffset         = 11680
[LOG] SystemI::createSoundInternal             : exinfo->numsubsounds       = 1
[LOG] SystemI::createSoundInternal             : exinfo->inclusionlist      = 000000D7AE07F3E8
[LOG] SystemI::createSoundInternal             : exinfo->inclusionlistnum   = 1
[LOG] SystemI::createSoundInternal             : exinfo->suggestedsoundtype = 5
[LOG] SystemI::createSoundInternal             : exinfo->useropen           = 00007FFB45107E30
[LOG] SystemI::createSoundInternal             : exinfo->userclose          = 00007FFB45107E00
[LOG] SystemI::createSoundInternal             : exinfo->userread           = 00007FFB45107F00
[LOG] SystemI::createSoundInternal             : exinfo->userseek           = 00007FFB45107FC0
[LOG] SystemI::createSoundInternal             : exinfo->fileuserdata       = 000002A3B40A9168
[LOG] SystemI::createSoundInternal             : exinfo->initialseekpostype = 1
[LOG] SystemI::DSPCodecPoolRegister            : register codec pool for pool type 5
[LOG] SystemI::createSoundInternal             : Sample 0/1: name='Ground_Step4', format=5, channels=2, frequency=48000, lengthbytes=6944, lengthpcm=24000, pcmblocksize=0, loopstart=0, loopend=0, mode=0x00000000, channelmask=0x00000000, channelorder=0, peakvolume=0.696985.
[LOG] SystemI::createSoundInternal             : Create name='', mode=0x02000202
[LOG] SystemI::createSoundInternal             : exinfo->cbsize             = 224
[LOG] SystemI::createSoundInternal             : exinfo->length             = 167776
[LOG] SystemI::createSoundInternal             : exinfo->fileoffset         = 11680
[LOG] SystemI::createSoundInternal             : exinfo->numsubsounds       = 1
[LOG] SystemI::createSoundInternal             : exinfo->inclusionlist      = 000000D7AE07F3E8
[LOG] SystemI::createSoundInternal             : exinfo->inclusionlistnum   = 1
[LOG] SystemI::createSoundInternal             : exinfo->suggestedsoundtype = 5
[LOG] SystemI::createSoundInternal             : exinfo->useropen           = 00007FFB45107E30
[LOG] SystemI::createSoundInternal             : exinfo->userclose          = 00007FFB45107E00
[LOG] SystemI::createSoundInternal             : exinfo->userread           = 00007FFB45107F00
[LOG] SystemI::createSoundInternal             : exinfo->userseek           = 00007FFB45107FC0
[LOG] SystemI::createSoundInternal             : exinfo->fileuserdata       = 000002A3B40A9168
[LOG] SystemI::createSoundInternal             : exinfo->initialseekpostype = 1
[LOG] SystemI::DSPCodecPoolRegister            : register codec pool for pool type 5
[LOG] SystemI::createSoundInternal             : Sample 0/1: name='Floor_step11', format=5, channels=2, frequency=48000, lengthbytes=6112, lengthpcm=24000, pcmblocksize=0, loopstart=0, loopend=0, mode=0x00000000, channelmask=0x00000000, channelorder=0, peakvolume=0.190735.
[WRN] FMOD_OS_Net_Listen                       : Cannot listen for connections, port 9264 is currently in use.
[WRN] FMOD_OS_Net_Listen                       : Cannot listen for connections, port 9264 is currently in use.
[WRN] FMOD_OS_Net_Listen                       : Cannot listen for connections, port 9264 is currently in use.
[WRN] FMOD_OS_Net_Listen                       : Cannot listen for connections, port 9264 is currently in use.
[WRN] FMOD_OS_Net_Listen                       : Cannot listen for connections, port 9264 is currently in use.
[WRN] FMOD_OS_Net_Listen                       : Cannot listen for connections, port 9264 is currently in use.
[WRN] FMOD_OS_Net_Listen                       : Cannot listen for connections, port 9264 is currently in use.
[LOG] SoundI::release                          :  (000002A42743CEC8)
[LOG] SoundI::release                          :     Land (000002A39F006C98)
[LOG] SoundI::release                          :  (000002A42743FE38)
[LOG] SoundI::release                          :     Jump (000002A39F005AB8)
[LOG] SoundI::release                          :  (000002A3BE889FE8)
[LOG] SoundI::release                          :     Floor_step0 (000002A39F005778)
[LOG] SoundI::release                          :  (000002A4274431F8)
[LOG] SoundI::release                          :     Floor_step1 (000002A39F005F98)
[LOG] SoundI::release                          :  (000002A3BE88A438)
[LOG] SoundI::release                          :     Floor_step10 (000002A39F005C58)
[LOG] SoundI::release                          :  (000002A3BE8892F8)
[LOG] SoundI::release                          :     Floor_step5 (000002A3B46A8D78)
[LOG] SoundI::release                          :  (000002A427443A98)
[LOG] SoundI::release                          :     Floor_step6 (000002A39F006618)
[LOG] SoundI::release                          :  (000002A3BE88A158)
[LOG] SoundI::release                          :     Floor_step16 (000002A39F005918)
[LOG] SoundI::release                          :  (000002A4274434D8)
[LOG] SoundI::release                          :     Floor_step17 (000002A39F0062D8)
[LOG] SoundI::release                          :  (000002A3BE888BC8)
[LOG] SoundI::release                          :     Floor_step11 (000002A3B46A9258)
[LOG] SoundI::release                          :  (000002A3BE88A2C8)
[LOG] SoundI::release                          :     Floor_step2 (000002A3B46A9738)
[LOG] SoundI::release                          :  (000002A427442958)
[LOG] SoundI::release                          :     Ground_Step0 (000002A39F006E38)
[LOG] SoundI::release                          :  (000002A427443648)
[LOG] SoundI::release                          :     Ground_Step1 (000002A39F007178)
[LOG] SoundI::release                          :  (000002A3BE888A58)
[LOG] SoundI::release                          :     Ground_Step2 (000002A39F005438)
[LOG] SoundI::release                          :  (000002A427443D78)
[LOG] SoundI::release                          :     Ground_Step3 (000002A39F006478)
[LOG] SoundI::release                          :  (000002A3BE88A718)
[LOG] SoundI::release                          :     Ground_Step4 (000002A3B46A86F8)
[LOG] Thread::callback                         : FMOD Studio update thread finished.
[LOG] Thread::callback                         : FMOD Studio bank load thread finished.
[LOG] Profile::disconnectAll                   : Profiler disconnecting all clients
[LOG] Thread::callback                         : FMOD Studio sample load thread finished.
[LOG] LiveUpdate::release                      : 
[LOG] LiveUpdate::reset                        : Reset connection (reason Disconnected)
[LOG] Thread::callback                         : FMOD stream thread finished.
[LOG] Thread::callback                         : FMOD mixer thread finished.
[LOG] Profile::disconnectAll                   : Profiler disconnecting all clients
[LOG] SystemI::close                           : Closed.
[LOG] Thread::callback                         : FMOD Studio bank load thread finished.
[LOG] Thread::callback                         : FMOD Studio sample load thread finished.
[LOG] LiveUpdate::release                      : 
[LOG] LiveUpdate::reset                        : Reset connection (reason Disconnected)
[LOG] Thread::callback                         : FMOD stream thread finished.
[LOG] Thread::callback                         : FMOD mixer thread finished.
[LOG] SystemI::close                           : Closed.
